TN:
SF:/Users/chernandez/git/oss/bunnybus/lib/index.js
DA:1,1
DA:2,1
DA:3,1
DA:4,1
DA:5,1
DA:6,1
DA:7,1
DA:8,1
DA:9,1
DA:10,1
DA:11,1
DA:12,1
DA:13,1
DA:14,1
DA:15,1
DA:16,1
DA:17,1
DA:18,1
DA:19,1
DA:20,1
DA:21,1
DA:22,0
DA:23,0
DA:24,1
DA:25,1
DA:26,1
DA:27,1
DA:28,1
DA:29,1
DA:30,1
DA:31,1
DA:32,1
DA:33,1
DA:34,1
DA:35,1
DA:36,1
DA:37,1
DA:38,1
DA:39,1
DA:40,1
DA:41,1
DA:42,1
DA:43,1
DA:44,1
DA:45,1
DA:46,1
DA:47,1
DA:48,1
DA:49,0
DA:50,0
DA:51,1
DA:52,1
DA:53,1
DA:54,1
DA:55,1
DA:56,1
DA:57,1
DA:58,1
DA:59,0
DA:60,1
DA:61,1
DA:62,1
DA:63,0
DA:64,1
DA:65,1
DA:66,1
DA:67,0
DA:68,1
DA:69,1
DA:70,1
DA:71,0
DA:72,1
DA:73,1
DA:74,1
DA:75,0
DA:76,1
DA:77,1
DA:78,1
DA:79,0
DA:80,1
DA:81,1
DA:82,1
DA:83,0
DA:84,1
DA:85,1
DA:86,1
DA:87,0
DA:88,1
DA:89,1
DA:90,1
DA:91,0
DA:92,1
DA:93,1
DA:94,1
DA:95,0
DA:96,1
DA:97,1
DA:98,1
DA:99,0
DA:100,1
DA:101,1
DA:102,1
DA:103,0
DA:104,1
DA:105,1
DA:106,1
DA:107,1
DA:108,1
DA:109,1
DA:110,1
DA:111,1
DA:112,1
DA:113,1
DA:114,1
DA:115,1
DA:116,1
DA:117,1
DA:118,1
DA:119,1
DA:120,1
DA:121,1
DA:122,1
DA:123,0
DA:124,1
DA:125,1
DA:126,1
DA:127,1
DA:128,1
DA:129,0
DA:130,1
DA:131,1
DA:132,1
DA:133,1
DA:134,1
DA:135,0
DA:136,1
DA:137,1
DA:138,1
DA:139,1
DA:140,1
DA:141,1
DA:142,1
DA:143,0
DA:144,1
DA:145,1
DA:146,1
DA:147,1
DA:148,1
DA:149,1
DA:150,1
DA:151,1
DA:152,1
DA:153,1
DA:154,1
DA:155,1
DA:156,1
DA:157,1
DA:158,2
DA:159,1
DA:160,1
DA:161,1
DA:162,2
DA:163,1
DA:164,1
DA:165,1
DA:166,1
DA:167,1
DA:168,6
DA:169,1
DA:170,1
DA:171,1
DA:172,1
DA:173,1
DA:174,1
DA:175,1
DA:176,1
DA:177,1
DA:178,1
DA:179,1
DA:180,1
DA:181,2
DA:182,1
DA:183,1
DA:184,1
DA:185,2
DA:186,1
DA:187,1
DA:188,1
DA:189,1
DA:190,1
DA:191,6
DA:192,1
DA:193,1
DA:194,1
DA:195,1
DA:196,1
DA:197,1
DA:198,1
DA:199,0
DA:200,0
DA:201,0
DA:202,1
DA:203,0
DA:204,1
DA:205,1
DA:206,1
DA:207,1
DA:208,1
DA:209,1
DA:210,1
DA:211,0
DA:212,0
DA:213,0
DA:214,1
DA:215,0
DA:216,1
DA:217,1
DA:218,1
DA:219,0
DA:220,0
DA:221,0
DA:222,1
DA:223,0
DA:224,1
DA:225,1
DA:226,1
DA:227,0
DA:228,0
DA:229,0
DA:230,1
DA:231,0
DA:232,1
DA:233,1
DA:234,1
DA:235,1
DA:236,1
DA:237,1
DA:238,0
DA:239,0
DA:240,0
DA:241,1
DA:242,0
DA:243,1
DA:244,1
DA:245,1
DA:246,0
DA:247,0
DA:248,0
DA:249,1
DA:250,0
DA:251,1
DA:252,1
DA:253,1
DA:254,0
DA:255,0
DA:256,0
DA:257,0
DA:258,1
DA:259,0
DA:260,0
DA:261,0
DA:262,1
DA:263,0
DA:264,0
DA:265,1
DA:266,1
DA:267,0
DA:268,1
DA:269,0
DA:270,1
DA:271,1
DA:272,1
DA:273,1
DA:274,1
DA:275,1
DA:276,1
DA:277,1
DA:278,1
DA:279,1
DA:280,0
DA:281,1
DA:282,1
DA:283,1
DA:284,0
DA:285,0
DA:286,0
DA:287,1
DA:288,0
DA:289,1
DA:290,1
DA:291,1
DA:292,0
DA:293,0
DA:294,1
DA:295,0
DA:296,1
DA:297,0
DA:298,0
DA:299,0
DA:300,0
DA:301,0
DA:302,0
DA:303,1
DA:304,1
DA:305,0
DA:306,0
DA:307,1
DA:308,0
DA:309,0
DA:310,1
DA:311,1
DA:312,1
DA:313,1
DA:314,1
DA:315,0
DA:316,1
DA:317,1
DA:318,1
DA:319,1
DA:320,0
DA:321,1
DA:322,1
DA:323,1
DA:324,1
DA:325,0
DA:326,0
DA:327,0
DA:328,0
DA:329,0
DA:330,0
DA:331,1
DA:332,0
DA:333,0
DA:334,1
DA:335,1
DA:336,0
DA:337,0
DA:338,0
DA:339,1
DA:340,0
DA:341,0
DA:342,1
DA:343,1
DA:344,0
DA:345,1
DA:346,0
DA:347,1
DA:348,1
DA:349,1
DA:350,1
DA:351,1
DA:352,1
DA:353,1
DA:354,1
DA:355,1
DA:356,1
DA:357,0
DA:358,1
DA:359,1
DA:360,1
DA:361,0
DA:362,1
DA:363,0
DA:364,0
DA:365,1
DA:366,1
DA:367,0
DA:368,1
DA:369,0
DA:370,0
DA:371,0
DA:372,0
DA:373,0
DA:374,0
DA:375,0
DA:376,0
DA:377,0
DA:378,0
DA:379,0
DA:380,0
DA:381,0
DA:382,0
DA:383,1
DA:384,1
DA:385,0
DA:386,0
DA:387,0
DA:388,0
DA:389,1
DA:390,1
DA:391,1
DA:392,0
DA:393,1
DA:394,0
DA:395,1
DA:396,1
DA:397,1
DA:398,0
DA:399,0
DA:400,1
DA:401,1
DA:402,0
DA:403,0
DA:404,1
DA:405,0
DA:406,1
DA:407,1
DA:408,0
DA:409,1
DA:410,0
DA:411,0
DA:412,1
DA:413,1
DA:414,1
DA:415,1
DA:416,0
DA:417,0
DA:418,0
DA:419,1
DA:420,0
DA:421,0
DA:422,1
DA:423,1
DA:424,0
DA:425,1
DA:426,1
DA:427,1
DA:428,0
DA:429,0
DA:430,0
DA:431,0
DA:432,0
DA:433,0
DA:434,0
DA:435,1
DA:436,0
DA:437,1
DA:438,0
DA:439,1
DA:440,1
DA:441,1
DA:442,0
DA:443,0
DA:444,0
DA:445,0
DA:446,1
DA:447,0
DA:448,1
DA:449,1
DA:450,1
DA:451,1
DA:452,1
DA:453,0
DA:454,1
DA:455,1
DA:456,0
DA:457,0
DA:458,1
DA:459,1
DA:460,1
DA:461,0
DA:462,1
DA:463,1
DA:464,1
DA:465,0
DA:466,0
DA:467,0
DA:468,1
DA:469,1
DA:470,1
DA:471,1
DA:472,1
DA:473,1
DA:474,1
DA:475,1
DA:476,1
DA:477,0
DA:478,1
DA:479,1
DA:480,1
DA:481,1
DA:482,1
DA:483,0
DA:484,1
DA:485,1
DA:486,0
DA:487,0
DA:488,0
DA:489,1
DA:490,1
DA:491,0
DA:492,1
DA:493,1
DA:494,1
DA:495,0
DA:496,0
DA:497,1
DA:498,1
DA:499,1
DA:500,1
DA:501,0
DA:502,0
DA:503,1
DA:504,0
DA:505,1
DA:506,1
DA:507,1
DA:508,1
DA:509,0
DA:510,1
DA:511,0
DA:512,1
DA:513,1
DA:514,1
DA:515,0
DA:516,1
DA:517,1
DA:518,1
DA:519,0
DA:520,1
DA:521,0
DA:522,0
DA:523,1
DA:524,0
DA:525,1
DA:526,0
DA:527,1
DA:528,0
DA:529,1
DA:530,0
DA:531,1
DA:532,1
DA:533,1
DA:534,1
DA:535,0
DA:536,0
DA:537,0
DA:538,1
DA:539,0
DA:540,1
DA:541,1
DA:542,1
DA:543,0
DA:544,1
DA:545,0
DA:546,0
DA:547,1
DA:548,1
DA:549,0
DA:550,0
DA:551,0
DA:552,0
DA:553,0
DA:554,0
DA:555,1
DA:556,0
DA:557,1
DA:558,1
DA:559,1
DA:560,0
DA:561,0
DA:562,1
DA:563,1
DA:564,1
DA:565,0
DA:566,0
DA:567,0
DA:568,1
DA:569,0
DA:570,0
DA:571,0
DA:572,0
DA:573,0
DA:574,0
DA:575,1
DA:576,0
DA:577,1
DA:578,0
DA:579,1
DA:580,1
DA:581,1
DA:582,0
DA:583,0
DA:584,1
DA:585,1
DA:586,1
DA:587,0
DA:588,0
DA:589,1
DA:590,1
DA:591,2
DA:592,2
DA:593,1
DA:594,1
DA:595,1
DA:596,0
DA:597,0
DA:598,1
DA:599,0
DA:600,0
DA:601,0
DA:602,0
DA:603,0
DA:604,1
DA:605,0
DA:606,0
DA:607,1
DA:608,1
DA:609,1
DA:610,1
DA:611,0
DA:612,1
DA:613,1
DA:614,1
DA:615,1
DA:616,1
DA:617,0
DA:618,0
DA:619,1
DA:620,1
DA:621,2
DA:622,1
DA:623,1
DA:624,1
DA:625,2
DA:626,0
DA:627,1
DA:628,1
DA:629,0
DA:630,2
DA:631,1
DA:632,2
DA:633,1
DA:634,2
DA:635,1
DA:636,1
DA:637,0
DA:638,1
DA:639,0
DA:640,0
DA:641,1
DA:642,1
DA:643,0
DA:644,1
DA:645,1
DA:646,1
DA:647,1
DA:648,0
DA:649,1
DA:650,1
DA:651,2
DA:652,1
DA:653,1
DA:654,1
DA:655,1
DA:656,1
DA:657,2
DA:658,1
DA:659,0
DA:660,2
DA:661,2
DA:662,1
DA:663,1
DA:664,1
DA:665,1
DA:666,1
DA:667,1
DA:668,0
DA:669,0
DA:670,1
DA:671,1
DA:672,0
DA:673,0
DA:674,1
DA:675,1
DA:676,2
DA:677,1
DA:678,1
DA:679,1
DA:680,2
DA:681,0
DA:682,1
DA:683,1
DA:684,0
DA:685,2
DA:686,1
DA:687,2
DA:688,1
DA:689,2
DA:690,1
DA:691,1
DA:692,0
DA:693,1
DA:694,0
DA:695,0
DA:696,1
DA:697,0
DA:698,1
DA:699,1
DA:700,0
DA:701,1
DA:702,1
DA:703,2
DA:704,1
DA:705,1
DA:706,1
DA:707,1
DA:708,1
DA:709,0
DA:710,0
DA:711,1
DA:712,1
DA:713,2
DA:714,2
DA:715,1
DA:716,1
DA:717,1
DA:718,1
DA:719,0
DA:720,0
DA:721,0
DA:722,0
DA:723,0
DA:724,1
DA:725,1
DA:726,1
DA:727,1
DA:728,0
DA:729,1
DA:730,0
DA:731,0
DA:732,1
DA:733,1
DA:734,1
DA:735,1
DA:736,0
DA:737,0
DA:738,0
DA:739,1
DA:740,1
DA:741,1
DA:742,1
DA:743,1
DA:744,1
DA:745,1
DA:746,1
DA:747,1
DA:748,1
DA:749,1
DA:750,2
DA:751,2
DA:752,2
DA:753,1
DA:754,0
DA:755,0
DA:756,1
DA:757,1
DA:758,1
DA:759,1
DA:760,1
DA:761,1
DA:762,1
DA:763,1
DA:764,1
DA:765,1
DA:766,2
DA:767,0
DA:768,2
DA:769,2
DA:770,1
DA:771,0
DA:772,0
DA:773,1
DA:774,1
DA:775,1
DA:776,1
DA:777,1
LF:609
LH:358
end_of_record
TN:
SF:/Users/chernandez/git/oss/bunnybus/lib/exceptions/index.js
DA:1,1
DA:2,1
DA:3,1
DA:4,1
DA:5,1
DA:6,1
DA:7,1
DA:8,1
DA:9,1
DA:10,1
LF:8
LH:8
end_of_record
TN:
SF:/Users/chernandez/git/oss/bunnybus/lib/exceptions/noChannelError.js
DA:1,1
DA:2,1
DA:3,1
DA:4,1
DA:5,1
DA:6,1
DA:7,0
DA:8,0
DA:9,1
DA:10,1
DA:11,1
DA:12,1
DA:13,1
LF:8
LH:6
end_of_record
TN:
SF:/Users/chernandez/git/oss/bunnybus/lib/exceptions/noConnectionError.js
DA:1,1
DA:2,1
DA:3,1
DA:4,1
DA:5,1
DA:6,1
DA:7,0
DA:8,0
DA:9,1
DA:10,1
DA:11,1
DA:12,1
DA:13,1
LF:8
LH:6
end_of_record
TN:
SF:/Users/chernandez/git/oss/bunnybus/lib/exceptions/noRouteKeyError.js
DA:1,1
DA:2,1
DA:3,1
DA:4,1
DA:5,1
DA:6,1
DA:7,0
DA:8,0
DA:9,1
DA:10,1
DA:11,1
DA:12,1
DA:13,1
LF:8
LH:6
end_of_record
TN:
SF:/Users/chernandez/git/oss/bunnybus/lib/exceptions/subscriptionBlockedError.js
DA:1,1
DA:2,1
DA:3,1
DA:4,1
DA:5,1
DA:6,1
DA:7,0
DA:8,0
DA:9,1
DA:10,1
DA:11,1
DA:12,1
DA:13,1
LF:8
LH:6
end_of_record
TN:
SF:/Users/chernandez/git/oss/bunnybus/lib/exceptions/subscriptionExistError.js
DA:1,1
DA:2,1
DA:3,1
DA:4,1
DA:5,1
DA:6,1
DA:7,0
DA:8,0
DA:9,1
DA:10,1
DA:11,1
DA:12,1
DA:13,1
LF:8
LH:6
end_of_record
TN:
SF:/Users/chernandez/git/oss/bunnybus/lib/helpers/cleanObject.js
DA:1,1
DA:2,1
DA:3,1
DA:4,0
DA:5,0
DA:6,0
DA:7,1
DA:8,0
DA:9,0
DA:10,1
DA:11,0
DA:12,1
DA:13,1
DA:14,1
DA:15,1
LF:12
LH:6
end_of_record
TN:
SF:/Users/chernandez/git/oss/bunnybus/lib/helpers/convertToBuffer.js
DA:1,1
DA:2,1
DA:3,1
DA:4,0
DA:5,0
DA:6,0
DA:7,1
DA:8,1
DA:9,0
DA:10,1
DA:11,0
DA:12,0
DA:13,1
DA:14,1
DA:15,0
DA:16,0
DA:17,0
DA:18,1
DA:19,1
DA:20,1
LF:15
LH:6
end_of_record
TN:
SF:/Users/chernandez/git/oss/bunnybus/lib/helpers/createConnectionString.js
DA:1,1
DA:2,1
DA:3,1
DA:4,1
DA:5,1
DA:6,0
DA:7,2
DA:8,1
DA:9,2
DA:10,1
DA:11,1
DA:12,1
DA:13,1
LF:8
LH:7
end_of_record
TN:
SF:/Users/chernandez/git/oss/bunnybus/lib/helpers/createTransactionId.js
DA:1,1
DA:2,1
DA:3,1
DA:4,1
DA:5,1
DA:6,1
DA:7,0
DA:8,0
DA:9,0
DA:10,1
DA:11,1
DA:12,1
LF:8
LH:5
end_of_record
TN:
SF:/Users/chernandez/git/oss/bunnybus/lib/helpers/defaultConfiguration.js
DA:1,1
DA:2,1
DA:3,1
DA:4,1
DA:5,1
DA:6,1
DA:7,1
DA:8,1
DA:9,1
DA:10,1
DA:11,1
DA:12,1
DA:13,1
DA:14,1
DA:15,1
DA:16,1
DA:17,1
DA:18,1
DA:19,1
DA:20,1
DA:21,1
DA:22,1
DA:23,1
DA:24,1
DA:25,1
DA:26,1
DA:27,1
DA:28,1
DA:29,1
DA:30,1
DA:31,1
DA:32,1
DA:33,1
DA:34,1
DA:35,1
DA:36,1
DA:37,1
DA:38,1
LF:35
LH:35
end_of_record
TN:
SF:/Users/chernandez/git/oss/bunnybus/lib/helpers/exponentialBackoff.js
DA:1,1
DA:2,1
DA:3,1
DA:4,1
DA:5,1
DA:6,1
DA:7,1
DA:8,1
DA:9,0
DA:10,0
DA:11,0
DA:12,0
DA:13,1
DA:14,1
DA:15,0
DA:16,1
DA:17,1
DA:18,1
DA:19,1
LF:10
LH:5
end_of_record
TN:
SF:/Users/chernandez/git/oss/bunnybus/lib/helpers/getPackageData.js
DA:1,1
DA:2,1
DA:3,1
DA:4,1
DA:5,1
DA:6,1
DA:7,1
DA:8,1
DA:9,1
DA:10,1
DA:11,1
DA:12,1
DA:13,1
DA:14,1
LF:9
LH:9
end_of_record
TN:
SF:/Users/chernandez/git/oss/bunnybus/lib/helpers/handlerMatcher.js
DA:1,1
DA:2,1
DA:3,1
DA:4,1
DA:5,1
DA:6,0
DA:7,1
DA:8,0
DA:9,0
DA:10,0
DA:11,1
DA:12,1
DA:13,1
DA:14,0
DA:15,1
DA:16,1
DA:17,1
DA:18,1
LF:12
LH:7
end_of_record
TN:
SF:/Users/chernandez/git/oss/bunnybus/lib/helpers/index.js
DA:1,1
DA:2,1
DA:3,1
DA:4,1
DA:5,1
DA:6,1
DA:7,1
DA:8,1
DA:9,1
DA:10,1
DA:11,1
DA:12,1
DA:13,1
DA:14,1
DA:15,1
DA:16,1
DA:17,1
DA:18,1
LF:16
LH:16
end_of_record
TN:
SF:/Users/chernandez/git/oss/bunnybus/lib/helpers/isMajorCompatible.js
DA:1,1
DA:2,1
DA:3,1
DA:4,1
DA:5,1
DA:6,0
DA:7,0
DA:8,0
DA:9,1
DA:10,0
DA:11,1
DA:12,1
DA:13,1
DA:14,1
LF:9
LH:5
end_of_record
TN:
SF:/Users/chernandez/git/oss/bunnybus/lib/helpers/parsePayload.js
DA:1,1
DA:2,1
DA:3,0
DA:4,0
DA:5,0
DA:6,0
DA:7,1
DA:8,1
DA:9,1
DA:10,0
DA:11,1
DA:12,1
DA:13,1
LF:10
LH:5
end_of_record
TN:
SF:/Users/chernandez/git/oss/bunnybus/lib/helpers/reduceRouteKey.js
DA:1,1
DA:2,1
DA:3,1
DA:4,0
DA:5,0
DA:6,0
DA:7,0
DA:8,0
DA:9,1
DA:10,0
DA:11,0
DA:12,1
DA:13,0
DA:14,0
DA:15,1
DA:16,1
DA:17,0
DA:18,0
DA:19,1
DA:20,1
DA:21,0
DA:22,0
DA:23,1
DA:24,1
DA:25,0
DA:26,1
DA:27,1
DA:28,1
DA:29,1
LF:22
LH:8
end_of_record
TN:
SF:/Users/chernandez/git/oss/bunnybus/lib/helpers/routeMatcher.js
DA:1,1
DA:2,1
DA:3,1
DA:4,1
DA:5,1
DA:6,1
DA:7,1
DA:8,1
DA:9,0
DA:10,1
DA:11,0
DA:12,0
DA:13,1
DA:14,0
DA:15,1
DA:16,1
DA:17,0
DA:18,0
DA:19,1
DA:20,1
DA:21,0
DA:22,1
DA:23,1
DA:24,1
DA:25,0
DA:26,1
DA:27,0
DA:28,0
DA:29,1
DA:30,1
DA:31,0
DA:32,1
DA:33,1
DA:34,1
DA:35,1
LF:25
LH:14
end_of_record
TN:
SF:/Users/chernandez/git/oss/bunnybus/lib/helpers/validateLoggerContract.js
DA:1,1
DA:2,1
DA:3,1
DA:4,1
DA:5,1
DA:6,1
DA:7,0
DA:8,0
DA:9,1
DA:10,1
DA:11,1
DA:12,1
DA:13,1
DA:14,1
DA:15,1
DA:16,1
LF:11
LH:9
end_of_record
TN:
SF:/Users/chernandez/git/oss/bunnybus/lib/loggers/eventLogger.js
DA:1,1
DA:2,1
DA:3,1
DA:4,1
DA:5,1
DA:6,1
DA:7,1
DA:8,1
DA:9,0
DA:10,1
DA:11,1
DA:12,1
DA:13,0
DA:14,1
DA:15,1
DA:16,1
DA:17,1
DA:18,1
DA:19,1
DA:20,1
DA:21,0
DA:22,1
DA:23,1
DA:24,1
DA:25,1
DA:26,1
DA:27,1
DA:28,1
DA:29,0
DA:30,1
DA:31,1
DA:32,1
DA:33,0
DA:34,1
DA:35,1
DA:36,1
DA:37,0
DA:38,1
DA:39,1
DA:40,1
DA:41,1
DA:42,1
DA:43,1
DA:44,1
DA:45,0
DA:46,1
DA:47,1
DA:48,1
DA:49,1
DA:50,1
DA:51,1
DA:52,1
DA:53,0
DA:54,1
DA:55,1
DA:56,1
DA:57,1
DA:58,1
LF:43
LH:35
end_of_record
TN:
SF:/Users/chernandez/git/oss/bunnybus/lib/loggers/index.js
DA:1,1
DA:2,1
DA:3,1
DA:4,1
DA:5,1
DA:6,1
LF:4
LH:4
end_of_record
TN:
SF:/Users/chernandez/git/oss/bunnybus/lib/states/index.js
DA:1,1
DA:2,1
DA:3,1
DA:4,1
DA:5,1
DA:6,1
LF:4
LH:4
end_of_record
TN:
SF:/Users/chernandez/git/oss/bunnybus/lib/states/subscriptionManager.js
DA:1,1
DA:2,1
DA:3,1
DA:4,1
DA:5,1
DA:6,1
DA:7,1
DA:8,1
DA:9,1
DA:10,1
DA:11,1
DA:12,1
DA:13,1
DA:14,0
DA:15,1
DA:16,1
DA:17,1
DA:18,0
DA:19,1
DA:20,1
DA:21,1
DA:22,0
DA:23,1
DA:24,1
DA:25,1
DA:26,0
DA:27,1
DA:28,1
DA:29,1
DA:30,1
DA:31,1
DA:32,1
DA:33,1
DA:34,1
DA:35,1
DA:36,1
DA:37,1
DA:38,0
DA:39,0
DA:40,0
DA:41,0
DA:42,1
DA:43,0
DA:44,1
DA:45,0
DA:46,1
DA:47,1
DA:48,1
DA:49,0
DA:50,0
DA:51,0
DA:52,1
DA:53,0
DA:54,0
DA:55,0
DA:56,1
DA:57,0
DA:58,1
DA:59,1
DA:60,1
DA:61,0
DA:62,0
DA:63,0
DA:64,1
DA:65,0
DA:66,0
DA:67,1
DA:68,0
DA:69,1
DA:70,1
DA:71,1
DA:72,0
DA:73,0
DA:74,0
DA:75,1
DA:76,0
DA:77,0
DA:78,1
DA:79,0
DA:80,1
DA:81,1
DA:82,1
DA:83,0
DA:84,0
DA:85,0
DA:86,1
DA:87,0
DA:88,0
DA:89,1
DA:90,0
DA:91,1
DA:92,1
DA:93,1
DA:94,0
DA:95,0
DA:96,0
DA:97,1
DA:98,1
DA:99,1
DA:100,0
DA:101,0
DA:102,0
DA:103,1
DA:104,0
DA:105,0
DA:106,1
DA:107,0
DA:108,1
DA:109,1
DA:110,1
DA:111,0
DA:112,1
DA:113,1
DA:114,0
DA:115,0
DA:116,0
DA:117,1
DA:118,1
DA:119,0
DA:120,1
DA:121,1
DA:122,1
DA:123,0
DA:124,1
DA:125,1
DA:126,1
DA:127,0
DA:128,0
DA:129,0
DA:130,1
DA:131,0
DA:132,0
DA:133,1
DA:134,0
DA:135,1
DA:136,1
DA:137,1
DA:138,0
DA:139,0
DA:140,0
DA:141,1
DA:142,0
DA:143,0
DA:144,1
DA:145,0
DA:146,1
DA:147,1
DA:148,1
DA:149,1
DA:150,1
LF:112
LH:50
end_of_record
